<?xml version="1.0" encoding="UTF-8" standalone="yes"?><!DOCTYPE report PUBLIC "-//JACOCO//DTD Report 1.0//EN" "report.dtd"><report name="JaCoCo"><sessioninfo id="DESKTOP-7P9682R-578bdba" start="1574253487381" dump="1574253487898"/><sessioninfo id="DESKTOP-7P9682R-cafcfca" start="1574254382224" dump="1574254383139"/><sessioninfo id="DESKTOP-7P9682R-17f23396" start="1574255235997" dump="1574255236833"/><sessioninfo id="DESKTOP-7P9682R-8f65eed9" start="1574255308801" dump="1574255309663"/><sessioninfo id="DESKTOP-7P9682R-371bd108" start="1574255398458" dump="1574255399164"/><sessioninfo id="DESKTOP-7P9682R-6e022084" start="1574255510620" dump="1574255511275"/><sessioninfo id="DESKTOP-7P9682R-d28d6391" start="1574255731993" dump="1574255732688"/><sessioninfo id="DESKTOP-7P9682R-4baf8116" start="1574255808165" dump="1574255808927"/><sessioninfo id="DESKTOP-7P9682R-7acd300c" start="1574256715304" dump="1574256716224"/><sessioninfo id="DESKTOP-7P9682R-b4062418" start="1574256855879" dump="1574256856756"/><sessioninfo id="DESKTOP-7P9682R-61f2270b" start="1574256905011" dump="1574256905889"/><sessioninfo id="DESKTOP-7P9682R-a64b7967" start="1574257063336" dump="1574257063995"/><sessioninfo id="DESKTOP-7P9682R-124cc49" start="1574257258843" dump="1574257259511"/><sessioninfo id="DESKTOP-7P9682R-80c01ca" start="1574257431115" dump="1574257431844"/><sessioninfo id="DESKTOP-7P9682R-84205911" start="1574258406641" dump="1574258407415"/><sessioninfo id="DESKTOP-7P9682R-3af3877b" start="1574258478766" dump="1574258479653"/><sessioninfo id="DESKTOP-7P9682R-cfbaf72f" start="1574258526259" dump="1574258526921"/><sessioninfo id="DESKTOP-7P9682R-372a8d97" start="1574258641456" dump="1574258642302"/><sessioninfo id="DESKTOP-7P9682R-7c065220" start="1574258799517" dump="1574258800350"/><sessioninfo id="DESKTOP-7P9682R-7ff1f7ab" start="1574258900761" dump="1574258901655"/><sessioninfo id="DESKTOP-7P9682R-9c029235" start="1574259030882" dump="1574259031680"/><sessioninfo id="DESKTOP-7P9682R-6a42729c" start="1574259121527" dump="1574259122281"/><sessioninfo id="DESKTOP-7P9682R-fd0b53ea" start="1574259178010" dump="1574259178765"/><sessioninfo id="DESKTOP-7P9682R-8d3508c4" start="1574259234824" dump="1574259235485"/><sessioninfo id="DESKTOP-7P9682R-45854944" start="1574260258390" dump="1574260259036"/><sessioninfo id="DESKTOP-7P9682R-6ba55bcb" start="1574260350740" dump="1574260351495"/><sessioninfo id="DESKTOP-7P9682R-1158c561" start="1574260400487" dump="1574260401286"/><sessioninfo id="DESKTOP-7P9682R-a1bc1c9a" start="1574260485200" dump="1574260485952"/><sessioninfo id="DESKTOP-7P9682R-2a1c2487" start="1574260536040" dump="1574260536768"/><sessioninfo id="DESKTOP-7P9682R-ae6f483d" start="1574263019405" dump="1574263019992"/><sessioninfo id="DESKTOP-7P9682R-a22a62f4" start="1574263064949" dump="1574263065898"/><sessioninfo id="DESKTOP-7P9682R-66b327ce" start="1574263207836" dump="1574263208605"/><sessioninfo id="DESKTOP-7P9682R-f66be6d2" start="1574263264677" dump="1574263265349"/><sessioninfo id="DESKTOP-7P9682R-fb9923c2" start="1574263320422" dump="1574263321088"/><sessioninfo id="DESKTOP-7P9682R-74118468" start="1574263361182" dump="1574263361870"/><sessioninfo id="DESKTOP-7P9682R-c405c89f" start="1574263532580" dump="1574263533290"/><sessioninfo id="DESKTOP-7P9682R-5d523e07" start="1574263676973" dump="1574263677697"/><sessioninfo id="DESKTOP-7P9682R-183b992c" start="1574263923756" dump="1574263924523"/><sessioninfo id="DESKTOP-7P9682R-9e89e634" start="1574264027360" dump="1574264028081"/><sessioninfo id="DESKTOP-7P9682R-3016ad3e" start="1574265496803" dump="1574265497525"/><sessioninfo id="DESKTOP-7P9682R-96a8264" start="1574265579507" dump="1574265580266"/><sessioninfo id="DESKTOP-7P9682R-7d7971f1" start="1574265767107" dump="1574265767810"/><sessioninfo id="DESKTOP-7P9682R-d6b34e14" start="1574265819336" dump="1574265820024"/><sessioninfo id="DESKTOP-7P9682R-d53d32d4" start="1574265864015" dump="1574265864637"/><sessioninfo id="DESKTOP-7P9682R-c546dd47" start="1574265887905" dump="1574265888600"/><package name="com/test/jacoco"><class name="com/test/jacoco/HelloWorld"><method name="&lt;init&gt;" desc="()V" line="12"><counter type="INSTRUCTION" missed="0" covered="3"/><counter type="LINE" missed="0" covered="2"/><counter type="COMPLEXITY" missed="0" covered="1"/><counter type="METHOD" missed="0" covered="1"/></method><method name="Method1" desc="()Ljava/lang/String;" line="17"><counter type="INSTRUCTION" missed="0" covered="2"/><counter type="LINE" missed="0" covered="1"/><counter type="COMPLEXITY" missed="0" covered="1"/><counter type="METHOD" missed="0" covered="1"/></method><method name="Method2" desc="(II)I" line="21"><counter type="INSTRUCTION" missed="0" covered="4"/><counter type="LINE" missed="0" covered="1"/><counter type="COMPLEXITY" missed="0" covered="1"/><counter type="METHOD" missed="0" covered="1"/></method><method name="Method3" desc="(III)I" line="25"><counter type="INSTRUCTION" missed="0" covered="26"/><counter type="BRANCH" missed="0" covered="10"/><counter type="LINE" missed="0" covered="8"/><counter type="COMPLEXITY" missed="0" covered="6"/><counter type="METHOD" missed="0" covered="1"/></method><method name="Method4" desc="(IIIIF)I" line="37"><counter type="INSTRUCTION" missed="0" covered="25"/><counter type="BRANCH" missed="2" covered="6"/><counter type="LINE" missed="0" covered="7"/><counter type="COMPLEXITY" missed="2" covered="3"/><counter type="METHOD" missed="0" covered="1"/></method><method name="bug" desc="(I)Z" line="48"><counter type="INSTRUCTION" missed="0" covered="7"/><counter type="BRANCH" missed="0" covered="2"/><counter type="LINE" missed="0" covered="2"/><counter type="COMPLEXITY" missed="0" covered="2"/><counter type="METHOD" missed="0" covered="1"/></method><method name="isTriangle" desc="(III)Z" line="59"><counter type="INSTRUCTION" missed="0" covered="32"/><counter type="BRANCH" missed="0" covered="2"/><counter type="LINE" missed="0" covered="5"/><counter type="COMPLEXITY" missed="0" covered="2"/><counter type="METHOD" missed="0" covered="1"/></method><method name="isBirthday" desc="(III)Z" line="73"><counter type="INSTRUCTION" missed="0" covered="49"/><counter type="BRANCH" missed="0" covered="4"/><counter type="LINE" missed="0" covered="7"/><counter type="COMPLEXITY" missed="0" covered="3"/><counter type="METHOD" missed="0" covered="1"/></method><method name="miniCalculator" desc="(DDC)Ljava/lang/Double;" line="92"><counter type="INSTRUCTION" missed="0" covered="29"/><counter type="BRANCH" missed="0" covered="5"/><counter type="LINE" missed="0" covered="12"/><counter type="COMPLEXITY" missed="0" covered="5"/><counter type="METHOD" missed="0" covered="1"/></method><counter type="INSTRUCTION" missed="0" covered="177"/><counter type="BRANCH" missed="2" covered="29"/><counter type="LINE" missed="0" covered="45"/><counter type="COMPLEXITY" missed="2" covered="24"/><counter type="METHOD" missed="0" covered="9"/><counter type="CLASS" missed="0" covered="1"/></class><sourcefile name="HelloWorld.java"><line nr="12" mi="0" ci="2" mb="0" cb="0"/><line nr="14" mi="0" ci="1" mb="0" cb="0"/><line nr="17" mi="0" ci="2" mb="0" cb="0"/><line nr="21" mi="0" ci="4" mb="0" cb="0"/><line nr="25" mi="0" ci="7" mb="0" cb="6"/><line nr="26" mi="0" ci="3" mb="0" cb="0"/><line nr="27" mi="0" ci="1" mb="0" cb="0"/><line nr="28" mi="0" ci="6" mb="0" cb="4"/><line nr="29" mi="0" ci="3" mb="0" cb="0"/><line nr="30" mi="0" ci="1" mb="0" cb="0"/><line nr="32" mi="0" ci="3" mb="0" cb="0"/><line nr="34" mi="0" ci="2" mb="0" cb="0"/><line nr="37" mi="0" ci="2" mb="0" cb="2"/><line nr="38" mi="0" ci="2" mb="0" cb="0"/><line nr="40" mi="0" ci="2" mb="0" cb="0"/><line nr="41" mi="0" ci="10" mb="2" cb="4"/><line nr="42" mi="0" ci="2" mb="0" cb="0"/><line nr="44" mi="0" ci="5" mb="0" cb="0"/><line nr="45" mi="0" ci="2" mb="0" cb="0"/><line nr="48" mi="0" ci="5" mb="0" cb="2"/><line nr="49" mi="0" ci="2" mb="0" cb="0"/><line nr="59" mi="0" ci="15" mb="0" cb="0"/><line nr="60" mi="0" ci="2" mb="0" cb="0"/><line nr="61" mi="0" ci="11" mb="0" cb="2"/><line nr="62" mi="0" ci="2" mb="0" cb="0"/><line nr="64" mi="0" ci="2" mb="0" cb="0"/><line nr="73" mi="0" ci="5" mb="0" cb="0"/><line nr="74" mi="0" ci="4" mb="0" cb="0"/><line nr="75" mi="0" ci="4" mb="0" cb="0"/><line nr="76" mi="0" ci="20" mb="0" cb="0"/><line nr="78" mi="0" ci="12" mb="0" cb="4"/><line nr="80" mi="0" ci="2" mb="0" cb="0"/><line nr="83" mi="0" ci="2" mb="0" cb="0"/><line nr="92" mi="0" ci="2" mb="0" cb="0"/><line nr="93" mi="0" ci="2" mb="0" cb="5"/><line nr="96" mi="0" ci="4" mb="0" cb="0"/><line nr="97" mi="0" ci="1" mb="0" cb="0"/><line nr="99" mi="0" ci="4" mb="0" cb="0"/><line nr="100" mi="0" ci="1" mb="0" cb="0"/><line nr="102" mi="0" ci="4" mb="0" cb="0"/><line nr="103" mi="0" ci="1" mb="0" cb="0"/><line nr="105" mi="0" ci="4" mb="0" cb="0"/><line nr="106" mi="0" ci="1" mb="0" cb="0"/><line nr="108" mi="0" ci="2" mb="0" cb="0"/><line nr="110" mi="0" ci="3" mb="0" cb="0"/><counter type="INSTRUCTION" missed="0" covered="177"/><counter type="BRANCH" missed="2" covered="29"/><counter type="LINE" missed="0" covered="45"/><counter type="COMPLEXITY" missed="2" covered="24"/><counter type="METHOD" missed="0" covered="9"/><counter type="CLASS" missed="0" covered="1"/></sourcefile><counter type="INSTRUCTION" missed="0" covered="177"/><counter type="BRANCH" missed="2" covered="29"/><counter type="LINE" missed="0" covered="45"/><counter type="COMPLEXITY" missed="2" covered="24"/><counter type="METHOD" missed="0" covered="9"/><counter type="CLASS" missed="0" covered="1"/></package><counter type="INSTRUCTION" missed="0" covered="177"/><counter type="BRANCH" missed="2" covered="29"/><counter type="LINE" missed="0" covered="45"/><counter type="COMPLEXITY" missed="2" covered="24"/><counter type="METHOD" missed="0" covered="9"/><counter type="CLASS" missed="0" covered="1"/></report>